C:\USERS\KANG\DOCUMENTS\VISUAL STUDIO 2012\PROJECTS\BARAMHACK\CRYPTOPP562\RELEASE\CRYPTLIB.PCH
C:\USERS\KANG\DOCUMENTS\VISUAL STUDIO 2012\PROJECTS\BARAMHACK\CRYPTOPP562\RELEASE\PCH.OBJ
C:\USERS\KANG\DOCUMENTS\VISUAL STUDIO 2012\PROJECTS\BARAMHACK\CRYPTOPP562\RELEASE\VC110.PDB
C:\USERS\KANG\DOCUMENTS\VISUAL STUDIO 2012\PROJECTS\BARAMHACK\CRYPTOPP562\RELEASE\CMAC.OBJ
C:\USERS\KANG\DOCUMENTS\VISUAL STUDIO 2012\PROJECTS\BARAMHACK\CRYPTOPP562\RELEASE\CHANNELS.OBJ
C:\USERS\KANG\DOCUMENTS\VISUAL STUDIO 2012\PROJECTS\BARAMHACK\CRYPTOPP562\RELEASE\CCM.OBJ
C:\USERS\KANG\DOCUMENTS\VISUAL STUDIO 2012\PROJECTS\BARAMHACK\CRYPTOPP562\RELEASE\CBCMAC.OBJ
C:\USERS\KANG\DOCUMENTS\VISUAL STUDIO 2012\PROJECTS\BARAMHACK\CRYPTOPP562\RELEASE\CASTS.OBJ
C:\USERS\KANG\DOCUMENTS\VISUAL STUDIO 2012\PROJECTS\BARAMHACK\CRYPTOPP562\RELEASE\CAST.OBJ
C:\USERS\KANG\DOCUMENTS\VISUAL STUDIO 2012\PROJECTS\BARAMHACK\CRYPTOPP562\RELEASE\CAMELLIA.OBJ
C:\USERS\KANG\DOCUMENTS\VISUAL STUDIO 2012\PROJECTS\BARAMHACK\CRYPTOPP562\RELEASE\BLUMSHUB.OBJ
C:\USERS\KANG\DOCUMENTS\VISUAL STUDIO 2012\PROJECTS\BARAMHACK\CRYPTOPP562\RELEASE\BLOWFISH.OBJ
C:\USERS\KANG\DOCUMENTS\VISUAL STUDIO 2012\PROJECTS\BARAMHACK\CRYPTOPP562\RELEASE\BFINIT.OBJ
C:\USERS\KANG\DOCUMENTS\VISUAL STUDIO 2012\PROJECTS\BARAMHACK\CRYPTOPP562\RELEASE\BASECODE.OBJ
C:\USERS\KANG\DOCUMENTS\VISUAL STUDIO 2012\PROJECTS\BARAMHACK\CRYPTOPP562\RELEASE\BASE64.OBJ
C:\USERS\KANG\DOCUMENTS\VISUAL STUDIO 2012\PROJECTS\BARAMHACK\CRYPTOPP562\RELEASE\BASE32.OBJ
C:\USERS\KANG\DOCUMENTS\VISUAL STUDIO 2012\PROJECTS\BARAMHACK\CRYPTOPP562\RELEASE\AUTHENC.OBJ
C:\USERS\KANG\DOCUMENTS\VISUAL STUDIO 2012\PROJECTS\BARAMHACK\CRYPTOPP562\RELEASE\ASN.OBJ
C:\USERS\KANG\DOCUMENTS\VISUAL STUDIO 2012\PROJECTS\BARAMHACK\CRYPTOPP562\RELEASE\ARC4.OBJ
C:\USERS\KANG\DOCUMENTS\VISUAL STUDIO 2012\PROJECTS\BARAMHACK\CRYPTOPP562\RELEASE\ALGPARAM.OBJ
C:\USERS\KANG\DOCUMENTS\VISUAL STUDIO 2012\PROJECTS\BARAMHACK\CRYPTOPP562\RELEASE\ALGEBRA.OBJ
C:\USERS\KANG\DOCUMENTS\VISUAL STUDIO 2012\PROJECTS\BARAMHACK\CRYPTOPP562\RELEASE\ADLER32.OBJ
C:\USERS\KANG\DOCUMENTS\VISUAL STUDIO 2012\PROJECTS\BARAMHACK\CRYPTOPP562\RELEASE\3WAY.OBJ
C:\USERS\KANG\DOCUMENTS\VISUAL STUDIO 2012\PROJECTS\BARAMHACK\CRYPTOPP562\RELEASE\FIPS140.OBJ
C:\USERS\KANG\DOCUMENTS\VISUAL STUDIO 2012\PROJECTS\BARAMHACK\CRYPTOPP562\RELEASE\FILTERS.OBJ
C:\USERS\KANG\DOCUMENTS\VISUAL STUDIO 2012\PROJECTS\BARAMHACK\CRYPTOPP562\RELEASE\FILES.OBJ
C:\USERS\KANG\DOCUMENTS\VISUAL STUDIO 2012\PROJECTS\BARAMHACK\CRYPTOPP562\RELEASE\ESIGN.OBJ
C:\USERS\KANG\DOCUMENTS\VISUAL STUDIO 2012\PROJECTS\BARAMHACK\CRYPTOPP562\RELEASE\EPRECOMP.OBJ
C:\USERS\KANG\DOCUMENTS\VISUAL STUDIO 2012\PROJECTS\BARAMHACK\CRYPTOPP562\RELEASE\EMSA2.OBJ
C:\USERS\KANG\DOCUMENTS\VISUAL STUDIO 2012\PROJECTS\BARAMHACK\CRYPTOPP562\RELEASE\ELGAMAL.OBJ
C:\USERS\KANG\DOCUMENTS\VISUAL STUDIO 2012\PROJECTS\BARAMHACK\CRYPTOPP562\RELEASE\ECP.OBJ
C:\USERS\KANG\DOCUMENTS\VISUAL STUDIO 2012\PROJECTS\BARAMHACK\CRYPTOPP562\RELEASE\ECCRYPTO.OBJ
C:\USERS\KANG\DOCUMENTS\VISUAL STUDIO 2012\PROJECTS\BARAMHACK\CRYPTOPP562\RELEASE\EC2N.OBJ
C:\USERS\KANG\DOCUMENTS\VISUAL STUDIO 2012\PROJECTS\BARAMHACK\CRYPTOPP562\RELEASE\EAX.OBJ
C:\USERS\KANG\DOCUMENTS\VISUAL STUDIO 2012\PROJECTS\BARAMHACK\CRYPTOPP562\RELEASE\DSA.OBJ
C:\USERS\KANG\DOCUMENTS\VISUAL STUDIO 2012\PROJECTS\BARAMHACK\CRYPTOPP562\RELEASE\DH2.OBJ
C:\USERS\KANG\DOCUMENTS\VISUAL STUDIO 2012\PROJECTS\BARAMHACK\CRYPTOPP562\RELEASE\DH.OBJ
C:\USERS\KANG\DOCUMENTS\VISUAL STUDIO 2012\PROJECTS\BARAMHACK\CRYPTOPP562\RELEASE\DESSP.OBJ
C:\USERS\KANG\DOCUMENTS\VISUAL STUDIO 2012\PROJECTS\BARAMHACK\CRYPTOPP562\RELEASE\DES.OBJ
C:\USERS\KANG\DOCUMENTS\VISUAL STUDIO 2012\PROJECTS\BARAMHACK\CRYPTOPP562\RELEASE\DEFAULT.OBJ
C:\USERS\KANG\DOCUMENTS\VISUAL STUDIO 2012\PROJECTS\BARAMHACK\CRYPTOPP562\RELEASE\CRYPTLIB.OBJ
C:\USERS\KANG\DOCUMENTS\VISUAL STUDIO 2012\PROJECTS\BARAMHACK\CRYPTOPP562\RELEASE\CRC.OBJ
C:\USERS\KANG\DOCUMENTS\VISUAL STUDIO 2012\PROJECTS\BARAMHACK\CRYPTOPP562\RELEASE\CPU.OBJ
C:\USERS\KANG\DOCUMENTS\VISUAL STUDIO 2012\PROJECTS\BARAMHACK\CRYPTOPP562\RELEASE\MD5.OBJ
C:\USERS\KANG\DOCUMENTS\VISUAL STUDIO 2012\PROJECTS\BARAMHACK\CRYPTOPP562\RELEASE\MD4.OBJ
C:\USERS\KANG\DOCUMENTS\VISUAL STUDIO 2012\PROJECTS\BARAMHACK\CRYPTOPP562\RELEASE\MD2.OBJ
C:\USERS\KANG\DOCUMENTS\VISUAL STUDIO 2012\PROJECTS\BARAMHACK\CRYPTOPP562\RELEASE\MARSS.OBJ
C:\USERS\KANG\DOCUMENTS\VISUAL STUDIO 2012\PROJECTS\BARAMHACK\CRYPTOPP562\RELEASE\MARS.OBJ
C:\USERS\KANG\DOCUMENTS\VISUAL STUDIO 2012\PROJECTS\BARAMHACK\CRYPTOPP562\RELEASE\LUC.OBJ
C:\USERS\KANG\DOCUMENTS\VISUAL STUDIO 2012\PROJECTS\BARAMHACK\CRYPTOPP562\RELEASE\INTEGER.OBJ
C:\USERS\KANG\DOCUMENTS\VISUAL STUDIO 2012\PROJECTS\BARAMHACK\CRYPTOPP562\RELEASE\IDEA.OBJ
C:\USERS\KANG\DOCUMENTS\VISUAL STUDIO 2012\PROJECTS\BARAMHACK\CRYPTOPP562\RELEASE\IDA.OBJ
C:\USERS\KANG\DOCUMENTS\VISUAL STUDIO 2012\PROJECTS\BARAMHACK\CRYPTOPP562\RELEASE\HRTIMER.OBJ
C:\USERS\KANG\DOCUMENTS\VISUAL STUDIO 2012\PROJECTS\BARAMHACK\CRYPTOPP562\RELEASE\HMAC.OBJ
C:\USERS\KANG\DOCUMENTS\VISUAL STUDIO 2012\PROJECTS\BARAMHACK\CRYPTOPP562\RELEASE\HEX.OBJ
C:\USERS\KANG\DOCUMENTS\VISUAL STUDIO 2012\PROJECTS\BARAMHACK\CRYPTOPP562\RELEASE\GZIP.OBJ
C:\USERS\KANG\DOCUMENTS\VISUAL STUDIO 2012\PROJECTS\BARAMHACK\CRYPTOPP562\RELEASE\GOST.OBJ
C:\USERS\KANG\DOCUMENTS\VISUAL STUDIO 2012\PROJECTS\BARAMHACK\CRYPTOPP562\RELEASE\GFPCRYPT.OBJ
C:\USERS\KANG\DOCUMENTS\VISUAL STUDIO 2012\PROJECTS\BARAMHACK\CRYPTOPP562\RELEASE\GF2N.OBJ
C:\USERS\KANG\DOCUMENTS\VISUAL STUDIO 2012\PROJECTS\BARAMHACK\CRYPTOPP562\RELEASE\GF2_32.OBJ
C:\USERS\KANG\DOCUMENTS\VISUAL STUDIO 2012\PROJECTS\BARAMHACK\CRYPTOPP562\RELEASE\GF256.OBJ
C:\USERS\KANG\DOCUMENTS\VISUAL STUDIO 2012\PROJECTS\BARAMHACK\CRYPTOPP562\RELEASE\GCM.OBJ
C:\USERS\KANG\DOCUMENTS\VISUAL STUDIO 2012\PROJECTS\BARAMHACK\CRYPTOPP562\RELEASE\FIPSTEST.OBJ
C:\USERS\KANG\DOCUMENTS\VISUAL STUDIO 2012\PROJECTS\BARAMHACK\CRYPTOPP562\RELEASE\RDTABLES.OBJ
C:\USERS\KANG\DOCUMENTS\VISUAL STUDIO 2012\PROJECTS\BARAMHACK\CRYPTOPP562\RELEASE\RC6.OBJ
C:\USERS\KANG\DOCUMENTS\VISUAL STUDIO 2012\PROJECTS\BARAMHACK\CRYPTOPP562\RELEASE\RC5.OBJ
C:\USERS\KANG\DOCUMENTS\VISUAL STUDIO 2012\PROJECTS\BARAMHACK\CRYPTOPP562\RELEASE\RC2.OBJ
C:\USERS\KANG\DOCUMENTS\VISUAL STUDIO 2012\PROJECTS\BARAMHACK\CRYPTOPP562\RELEASE\RANDPOOL.OBJ
C:\USERS\KANG\DOCUMENTS\VISUAL STUDIO 2012\PROJECTS\BARAMHACK\CRYPTOPP562\RELEASE\RABIN.OBJ
C:\USERS\KANG\DOCUMENTS\VISUAL STUDIO 2012\PROJECTS\BARAMHACK\CRYPTOPP562\RELEASE\QUEUE.OBJ
C:\USERS\KANG\DOCUMENTS\VISUAL STUDIO 2012\PROJECTS\BARAMHACK\CRYPTOPP562\RELEASE\PUBKEY.OBJ
C:\USERS\KANG\DOCUMENTS\VISUAL STUDIO 2012\PROJECTS\BARAMHACK\CRYPTOPP562\RELEASE\PSSR.OBJ
C:\USERS\KANG\DOCUMENTS\VISUAL STUDIO 2012\PROJECTS\BARAMHACK\CRYPTOPP562\RELEASE\POLYNOMI.OBJ
C:\USERS\KANG\DOCUMENTS\VISUAL STUDIO 2012\PROJECTS\BARAMHACK\CRYPTOPP562\RELEASE\PKCSPAD.OBJ
C:\USERS\KANG\DOCUMENTS\VISUAL STUDIO 2012\PROJECTS\BARAMHACK\CRYPTOPP562\RELEASE\PANAMA.OBJ
C:\USERS\KANG\DOCUMENTS\VISUAL STUDIO 2012\PROJECTS\BARAMHACK\CRYPTOPP562\RELEASE\OSRNG.OBJ
C:\USERS\KANG\DOCUMENTS\VISUAL STUDIO 2012\PROJECTS\BARAMHACK\CRYPTOPP562\RELEASE\OAEP.OBJ
C:\USERS\KANG\DOCUMENTS\VISUAL STUDIO 2012\PROJECTS\BARAMHACK\CRYPTOPP562\RELEASE\NETWORK.OBJ
C:\USERS\KANG\DOCUMENTS\VISUAL STUDIO 2012\PROJECTS\BARAMHACK\CRYPTOPP562\RELEASE\NBTHEORY.OBJ
C:\USERS\KANG\DOCUMENTS\VISUAL STUDIO 2012\PROJECTS\BARAMHACK\CRYPTOPP562\RELEASE\MQV.OBJ
C:\USERS\KANG\DOCUMENTS\VISUAL STUDIO 2012\PROJECTS\BARAMHACK\CRYPTOPP562\RELEASE\MQUEUE.OBJ
C:\USERS\KANG\DOCUMENTS\VISUAL STUDIO 2012\PROJECTS\BARAMHACK\CRYPTOPP562\RELEASE\MODES.OBJ
C:\USERS\KANG\DOCUMENTS\VISUAL STUDIO 2012\PROJECTS\BARAMHACK\CRYPTOPP562\RELEASE\MISC.OBJ
C:\USERS\KANG\DOCUMENTS\VISUAL STUDIO 2012\PROJECTS\BARAMHACK\CRYPTOPP562\RELEASE\SQUARE.OBJ
C:\USERS\KANG\DOCUMENTS\VISUAL STUDIO 2012\PROJECTS\BARAMHACK\CRYPTOPP562\RELEASE\SOSEMANUK.OBJ
C:\USERS\KANG\DOCUMENTS\VISUAL STUDIO 2012\PROJECTS\BARAMHACK\CRYPTOPP562\RELEASE\SOCKETFT.OBJ
C:\USERS\KANG\DOCUMENTS\VISUAL STUDIO 2012\PROJECTS\BARAMHACK\CRYPTOPP562\RELEASE\SKIPJACK.OBJ
C:\USERS\KANG\DOCUMENTS\VISUAL STUDIO 2012\PROJECTS\BARAMHACK\CRYPTOPP562\RELEASE\SIMPLE.OBJ
C:\USERS\KANG\DOCUMENTS\VISUAL STUDIO 2012\PROJECTS\BARAMHACK\CRYPTOPP562\RELEASE\SHARKBOX.OBJ
C:\USERS\KANG\DOCUMENTS\VISUAL STUDIO 2012\PROJECTS\BARAMHACK\CRYPTOPP562\RELEASE\SHARK.OBJ
C:\USERS\KANG\DOCUMENTS\VISUAL STUDIO 2012\PROJECTS\BARAMHACK\CRYPTOPP562\RELEASE\SHACAL2.OBJ
C:\USERS\KANG\DOCUMENTS\VISUAL STUDIO 2012\PROJECTS\BARAMHACK\CRYPTOPP562\RELEASE\SHA3.OBJ
C:\USERS\KANG\DOCUMENTS\VISUAL STUDIO 2012\PROJECTS\BARAMHACK\CRYPTOPP562\RELEASE\SHA.OBJ
C:\USERS\KANG\DOCUMENTS\VISUAL STUDIO 2012\PROJECTS\BARAMHACK\CRYPTOPP562\RELEASE\SERPENT.OBJ
C:\USERS\KANG\DOCUMENTS\VISUAL STUDIO 2012\PROJECTS\BARAMHACK\CRYPTOPP562\RELEASE\SEED.OBJ
C:\USERS\KANG\DOCUMENTS\VISUAL STUDIO 2012\PROJECTS\BARAMHACK\CRYPTOPP562\RELEASE\SEAL.OBJ
C:\USERS\KANG\DOCUMENTS\VISUAL STUDIO 2012\PROJECTS\BARAMHACK\CRYPTOPP562\RELEASE\SALSA.OBJ
C:\USERS\KANG\DOCUMENTS\VISUAL STUDIO 2012\PROJECTS\BARAMHACK\CRYPTOPP562\RELEASE\SAFER.OBJ
C:\USERS\KANG\DOCUMENTS\VISUAL STUDIO 2012\PROJECTS\BARAMHACK\CRYPTOPP562\RELEASE\RW.OBJ
C:\USERS\KANG\DOCUMENTS\VISUAL STUDIO 2012\PROJECTS\BARAMHACK\CRYPTOPP562\RELEASE\RSA.OBJ
C:\USERS\KANG\DOCUMENTS\VISUAL STUDIO 2012\PROJECTS\BARAMHACK\CRYPTOPP562\RELEASE\RNG.OBJ
C:\USERS\KANG\DOCUMENTS\VISUAL STUDIO 2012\PROJECTS\BARAMHACK\CRYPTOPP562\RELEASE\RIPEMD.OBJ
C:\USERS\KANG\DOCUMENTS\VISUAL STUDIO 2012\PROJECTS\BARAMHACK\CRYPTOPP562\RELEASE\RIJNDAEL.OBJ
C:\USERS\KANG\DOCUMENTS\VISUAL STUDIO 2012\PROJECTS\BARAMHACK\CRYPTOPP562\RELEASE\ZLIB.OBJ
C:\USERS\KANG\DOCUMENTS\VISUAL STUDIO 2012\PROJECTS\BARAMHACK\CRYPTOPP562\RELEASE\ZINFLATE.OBJ
C:\USERS\KANG\DOCUMENTS\VISUAL STUDIO 2012\PROJECTS\BARAMHACK\CRYPTOPP562\RELEASE\ZDEFLATE.OBJ
C:\USERS\KANG\DOCUMENTS\VISUAL STUDIO 2012\PROJECTS\BARAMHACK\CRYPTOPP562\RELEASE\XTRCRYPT.OBJ
C:\USERS\KANG\DOCUMENTS\VISUAL STUDIO 2012\PROJECTS\BARAMHACK\CRYPTOPP562\RELEASE\XTR.OBJ
C:\USERS\KANG\DOCUMENTS\VISUAL STUDIO 2012\PROJECTS\BARAMHACK\CRYPTOPP562\RELEASE\WINPIPES.OBJ
C:\USERS\KANG\DOCUMENTS\VISUAL STUDIO 2012\PROJECTS\BARAMHACK\CRYPTOPP562\RELEASE\WHRLPOOL.OBJ
C:\USERS\KANG\DOCUMENTS\VISUAL STUDIO 2012\PROJECTS\BARAMHACK\CRYPTOPP562\RELEASE\WAKE.OBJ
C:\USERS\KANG\DOCUMENTS\VISUAL STUDIO 2012\PROJECTS\BARAMHACK\CRYPTOPP562\RELEASE\WAIT.OBJ
C:\USERS\KANG\DOCUMENTS\VISUAL STUDIO 2012\PROJECTS\BARAMHACK\CRYPTOPP562\RELEASE\VMAC.OBJ
C:\USERS\KANG\DOCUMENTS\VISUAL STUDIO 2012\PROJECTS\BARAMHACK\CRYPTOPP562\RELEASE\TWOFISH.OBJ
C:\USERS\KANG\DOCUMENTS\VISUAL STUDIO 2012\PROJECTS\BARAMHACK\CRYPTOPP562\RELEASE\TTMAC.OBJ
C:\USERS\KANG\DOCUMENTS\VISUAL STUDIO 2012\PROJECTS\BARAMHACK\CRYPTOPP562\RELEASE\TRDLOCAL.OBJ
C:\USERS\KANG\DOCUMENTS\VISUAL STUDIO 2012\PROJECTS\BARAMHACK\CRYPTOPP562\RELEASE\TIGERTAB.OBJ
C:\USERS\KANG\DOCUMENTS\VISUAL STUDIO 2012\PROJECTS\BARAMHACK\CRYPTOPP562\RELEASE\TIGER.OBJ
C:\USERS\KANG\DOCUMENTS\VISUAL STUDIO 2012\PROJECTS\BARAMHACK\CRYPTOPP562\RELEASE\TFTABLES.OBJ
C:\USERS\KANG\DOCUMENTS\VISUAL STUDIO 2012\PROJECTS\BARAMHACK\CRYPTOPP562\RELEASE\TEA.OBJ
C:\USERS\KANG\DOCUMENTS\VISUAL STUDIO 2012\PROJECTS\BARAMHACK\CRYPTOPP562\RELEASE\STRCIPHR.OBJ
C:\USERS\KANG\DOCUMENTS\VISUAL STUDIO 2012\PROJECTS\BARAMHACK\CRYPTOPP562\RELEASE\SQUARETB.OBJ
C:\USERS\KANG\DOCUMENTS\VISUAL STUDIO 2012\PROJECTS\BARAMHACK\CRYPTOPP562\RELEASE\ITERHASH.OBJ
C:\USERS\KANG\DOCUMENTS\VISUAL STUDIO 2012\PROJECTS\BARAMHACK\CRYPTOPP562\RELEASE\DLL.OBJ
C:\USERS\KANG\DOCUMENTS\VISUAL STUDIO 2012\PROJECTS\BARAMHACK\CRYPTOPP562\ADHOC.CPP.COPIED
C:\USERS\KANG\DOCUMENTS\VISUAL STUDIO 2012\PROJECTS\BARAMHACK\CRYPTOPP562\RELEASE\CRYPTLIB.LIB
C:\Users\Kang\Documents\Visual Studio 2012\Projects\BaramHack\cryptopp562\Release\3way.obj
C:\Users\Kang\Documents\Visual Studio 2012\Projects\BaramHack\cryptopp562\Release\adler32.obj
C:\Users\Kang\Documents\Visual Studio 2012\Projects\BaramHack\cryptopp562\Release\algebra.obj
C:\Users\Kang\Documents\Visual Studio 2012\Projects\BaramHack\cryptopp562\Release\algparam.obj
C:\Users\Kang\Documents\Visual Studio 2012\Projects\BaramHack\cryptopp562\Release\arc4.obj
C:\Users\Kang\Documents\Visual Studio 2012\Projects\BaramHack\cryptopp562\Release\asn.obj
C:\Users\Kang\Documents\Visual Studio 2012\Projects\BaramHack\cryptopp562\Release\authenc.obj
C:\Users\Kang\Documents\Visual Studio 2012\Projects\BaramHack\cryptopp562\Release\base32.obj
C:\Users\Kang\Documents\Visual Studio 2012\Projects\BaramHack\cryptopp562\Release\base64.obj
C:\Users\Kang\Documents\Visual Studio 2012\Projects\BaramHack\cryptopp562\Release\basecode.obj
C:\Users\Kang\Documents\Visual Studio 2012\Projects\BaramHack\cryptopp562\Release\bfinit.obj
C:\Users\Kang\Documents\Visual Studio 2012\Projects\BaramHack\cryptopp562\Release\blowfish.obj
C:\Users\Kang\Documents\Visual Studio 2012\Projects\BaramHack\cryptopp562\Release\blumshub.obj
C:\Users\Kang\Documents\Visual Studio 2012\Projects\BaramHack\cryptopp562\Release\camellia.obj
C:\Users\Kang\Documents\Visual Studio 2012\Projects\BaramHack\cryptopp562\Release\cast.obj
C:\Users\Kang\Documents\Visual Studio 2012\Projects\BaramHack\cryptopp562\Release\casts.obj
C:\Users\Kang\Documents\Visual Studio 2012\Projects\BaramHack\cryptopp562\Release\cbcmac.obj
C:\Users\Kang\Documents\Visual Studio 2012\Projects\BaramHack\cryptopp562\Release\ccm.obj
C:\Users\Kang\Documents\Visual Studio 2012\Projects\BaramHack\cryptopp562\Release\channels.obj
C:\Users\Kang\Documents\Visual Studio 2012\Projects\BaramHack\cryptopp562\Release\cmac.obj
C:\Users\Kang\Documents\Visual Studio 2012\Projects\BaramHack\cryptopp562\Release\cpu.obj
C:\Users\Kang\Documents\Visual Studio 2012\Projects\BaramHack\cryptopp562\Release\crc.obj
C:\Users\Kang\Documents\Visual Studio 2012\Projects\BaramHack\cryptopp562\Release\cryptlib.obj
C:\Users\Kang\Documents\Visual Studio 2012\Projects\BaramHack\cryptopp562\Release\default.obj
C:\Users\Kang\Documents\Visual Studio 2012\Projects\BaramHack\cryptopp562\Release\des.obj
C:\Users\Kang\Documents\Visual Studio 2012\Projects\BaramHack\cryptopp562\Release\dessp.obj
C:\Users\Kang\Documents\Visual Studio 2012\Projects\BaramHack\cryptopp562\Release\dh.obj
C:\Users\Kang\Documents\Visual Studio 2012\Projects\BaramHack\cryptopp562\Release\dh2.obj
C:\Users\Kang\Documents\Visual Studio 2012\Projects\BaramHack\cryptopp562\Release\dll.obj
C:\Users\Kang\Documents\Visual Studio 2012\Projects\BaramHack\cryptopp562\Release\dsa.obj
C:\Users\Kang\Documents\Visual Studio 2012\Projects\BaramHack\cryptopp562\Release\eax.obj
C:\Users\Kang\Documents\Visual Studio 2012\Projects\BaramHack\cryptopp562\Release\ec2n.obj
C:\Users\Kang\Documents\Visual Studio 2012\Projects\BaramHack\cryptopp562\Release\eccrypto.obj
C:\Users\Kang\Documents\Visual Studio 2012\Projects\BaramHack\cryptopp562\Release\ecp.obj
C:\Users\Kang\Documents\Visual Studio 2012\Projects\BaramHack\cryptopp562\Release\elgamal.obj
C:\Users\Kang\Documents\Visual Studio 2012\Projects\BaramHack\cryptopp562\Release\emsa2.obj
C:\Users\Kang\Documents\Visual Studio 2012\Projects\BaramHack\cryptopp562\Release\eprecomp.obj
C:\Users\Kang\Documents\Visual Studio 2012\Projects\BaramHack\cryptopp562\Release\esign.obj
C:\Users\Kang\Documents\Visual Studio 2012\Projects\BaramHack\cryptopp562\Release\files.obj
C:\Users\Kang\Documents\Visual Studio 2012\Projects\BaramHack\cryptopp562\Release\filters.obj
C:\Users\Kang\Documents\Visual Studio 2012\Projects\BaramHack\cryptopp562\Release\fips140.obj
C:\Users\Kang\Documents\Visual Studio 2012\Projects\BaramHack\cryptopp562\Release\fipstest.obj
C:\Users\Kang\Documents\Visual Studio 2012\Projects\BaramHack\cryptopp562\Release\gcm.obj
C:\Users\Kang\Documents\Visual Studio 2012\Projects\BaramHack\cryptopp562\Release\gf256.obj
C:\Users\Kang\Documents\Visual Studio 2012\Projects\BaramHack\cryptopp562\Release\gf2n.obj
C:\Users\Kang\Documents\Visual Studio 2012\Projects\BaramHack\cryptopp562\Release\gf2_32.obj
C:\Users\Kang\Documents\Visual Studio 2012\Projects\BaramHack\cryptopp562\Release\gfpcrypt.obj
C:\Users\Kang\Documents\Visual Studio 2012\Projects\BaramHack\cryptopp562\Release\gost.obj
C:\Users\Kang\Documents\Visual Studio 2012\Projects\BaramHack\cryptopp562\Release\gzip.obj
C:\Users\Kang\Documents\Visual Studio 2012\Projects\BaramHack\cryptopp562\Release\hex.obj
C:\Users\Kang\Documents\Visual Studio 2012\Projects\BaramHack\cryptopp562\Release\hmac.obj
C:\Users\Kang\Documents\Visual Studio 2012\Projects\BaramHack\cryptopp562\Release\hrtimer.obj
C:\Users\Kang\Documents\Visual Studio 2012\Projects\BaramHack\cryptopp562\Release\ida.obj
C:\Users\Kang\Documents\Visual Studio 2012\Projects\BaramHack\cryptopp562\Release\idea.obj
C:\Users\Kang\Documents\Visual Studio 2012\Projects\BaramHack\cryptopp562\Release\integer.obj
C:\Users\Kang\Documents\Visual Studio 2012\Projects\BaramHack\cryptopp562\Release\iterhash.obj
C:\Users\Kang\Documents\Visual Studio 2012\Projects\BaramHack\cryptopp562\Release\luc.obj
C:\Users\Kang\Documents\Visual Studio 2012\Projects\BaramHack\cryptopp562\Release\mars.obj
C:\Users\Kang\Documents\Visual Studio 2012\Projects\BaramHack\cryptopp562\Release\marss.obj
C:\Users\Kang\Documents\Visual Studio 2012\Projects\BaramHack\cryptopp562\Release\md2.obj
C:\Users\Kang\Documents\Visual Studio 2012\Projects\BaramHack\cryptopp562\Release\md4.obj
C:\Users\Kang\Documents\Visual Studio 2012\Projects\BaramHack\cryptopp562\Release\md5.obj
C:\Users\Kang\Documents\Visual Studio 2012\Projects\BaramHack\cryptopp562\Release\misc.obj
C:\Users\Kang\Documents\Visual Studio 2012\Projects\BaramHack\cryptopp562\Release\modes.obj
C:\Users\Kang\Documents\Visual Studio 2012\Projects\BaramHack\cryptopp562\Release\mqueue.obj
C:\Users\Kang\Documents\Visual Studio 2012\Projects\BaramHack\cryptopp562\Release\mqv.obj
C:\Users\Kang\Documents\Visual Studio 2012\Projects\BaramHack\cryptopp562\Release\nbtheory.obj
C:\Users\Kang\Documents\Visual Studio 2012\Projects\BaramHack\cryptopp562\Release\network.obj
C:\Users\Kang\Documents\Visual Studio 2012\Projects\BaramHack\cryptopp562\Release\oaep.obj
C:\Users\Kang\Documents\Visual Studio 2012\Projects\BaramHack\cryptopp562\Release\osrng.obj
C:\Users\Kang\Documents\Visual Studio 2012\Projects\BaramHack\cryptopp562\Release\panama.obj
C:\Users\Kang\Documents\Visual Studio 2012\Projects\BaramHack\cryptopp562\Release\pch.obj
C:\Users\Kang\Documents\Visual Studio 2012\Projects\BaramHack\cryptopp562\Release\pkcspad.obj
C:\Users\Kang\Documents\Visual Studio 2012\Projects\BaramHack\cryptopp562\Release\polynomi.obj
C:\Users\Kang\Documents\Visual Studio 2012\Projects\BaramHack\cryptopp562\Release\pssr.obj
C:\Users\Kang\Documents\Visual Studio 2012\Projects\BaramHack\cryptopp562\Release\pubkey.obj
C:\Users\Kang\Documents\Visual Studio 2012\Projects\BaramHack\cryptopp562\Release\queue.obj
C:\Users\Kang\Documents\Visual Studio 2012\Projects\BaramHack\cryptopp562\Release\rabin.obj
C:\Users\Kang\Documents\Visual Studio 2012\Projects\BaramHack\cryptopp562\Release\randpool.obj
C:\Users\Kang\Documents\Visual Studio 2012\Projects\BaramHack\cryptopp562\Release\rc2.obj
C:\Users\Kang\Documents\Visual Studio 2012\Projects\BaramHack\cryptopp562\Release\rc5.obj
C:\Users\Kang\Documents\Visual Studio 2012\Projects\BaramHack\cryptopp562\Release\rc6.obj
C:\Users\Kang\Documents\Visual Studio 2012\Projects\BaramHack\cryptopp562\Release\rdtables.obj
C:\Users\Kang\Documents\Visual Studio 2012\Projects\BaramHack\cryptopp562\Release\rijndael.obj
C:\Users\Kang\Documents\Visual Studio 2012\Projects\BaramHack\cryptopp562\Release\ripemd.obj
C:\Users\Kang\Documents\Visual Studio 2012\Projects\BaramHack\cryptopp562\Release\rng.obj
C:\Users\Kang\Documents\Visual Studio 2012\Projects\BaramHack\cryptopp562\Release\rsa.obj
C:\Users\Kang\Documents\Visual Studio 2012\Projects\BaramHack\cryptopp562\Release\rw.obj
C:\Users\Kang\Documents\Visual Studio 2012\Projects\BaramHack\cryptopp562\Release\safer.obj
C:\Users\Kang\Documents\Visual Studio 2012\Projects\BaramHack\cryptopp562\Release\salsa.obj
C:\Users\Kang\Documents\Visual Studio 2012\Projects\BaramHack\cryptopp562\Release\seal.obj
C:\Users\Kang\Documents\Visual Studio 2012\Projects\BaramHack\cryptopp562\Release\seed.obj
C:\Users\Kang\Documents\Visual Studio 2012\Projects\BaramHack\cryptopp562\Release\serpent.obj
C:\Users\Kang\Documents\Visual Studio 2012\Projects\BaramHack\cryptopp562\Release\sha.obj
C:\Users\Kang\Documents\Visual Studio 2012\Projects\BaramHack\cryptopp562\Release\sha3.obj
C:\Users\Kang\Documents\Visual Studio 2012\Projects\BaramHack\cryptopp562\Release\shacal2.obj
C:\Users\Kang\Documents\Visual Studio 2012\Projects\BaramHack\cryptopp562\Release\shark.obj
C:\Users\Kang\Documents\Visual Studio 2012\Projects\BaramHack\cryptopp562\Release\sharkbox.obj
C:\Users\Kang\Documents\Visual Studio 2012\Projects\BaramHack\cryptopp562\Release\simple.obj
C:\Users\Kang\Documents\Visual Studio 2012\Projects\BaramHack\cryptopp562\Release\skipjack.obj
C:\Users\Kang\Documents\Visual Studio 2012\Projects\BaramHack\cryptopp562\Release\socketft.obj
C:\Users\Kang\Documents\Visual Studio 2012\Projects\BaramHack\cryptopp562\Release\sosemanuk.obj
C:\Users\Kang\Documents\Visual Studio 2012\Projects\BaramHack\cryptopp562\Release\square.obj
C:\Users\Kang\Documents\Visual Studio 2012\Projects\BaramHack\cryptopp562\Release\squaretb.obj
C:\Users\Kang\Documents\Visual Studio 2012\Projects\BaramHack\cryptopp562\Release\strciphr.obj
C:\Users\Kang\Documents\Visual Studio 2012\Projects\BaramHack\cryptopp562\Release\tea.obj
C:\Users\Kang\Documents\Visual Studio 2012\Projects\BaramHack\cryptopp562\Release\tftables.obj
C:\Users\Kang\Documents\Visual Studio 2012\Projects\BaramHack\cryptopp562\Release\tiger.obj
C:\Users\Kang\Documents\Visual Studio 2012\Projects\BaramHack\cryptopp562\Release\tigertab.obj
C:\Users\Kang\Documents\Visual Studio 2012\Projects\BaramHack\cryptopp562\Release\trdlocal.obj
C:\Users\Kang\Documents\Visual Studio 2012\Projects\BaramHack\cryptopp562\Release\ttmac.obj
C:\Users\Kang\Documents\Visual Studio 2012\Projects\BaramHack\cryptopp562\Release\twofish.obj
C:\Users\Kang\Documents\Visual Studio 2012\Projects\BaramHack\cryptopp562\Release\vmac.obj
C:\Users\Kang\Documents\Visual Studio 2012\Projects\BaramHack\cryptopp562\Release\wait.obj
C:\Users\Kang\Documents\Visual Studio 2012\Projects\BaramHack\cryptopp562\Release\wake.obj
C:\Users\Kang\Documents\Visual Studio 2012\Projects\BaramHack\cryptopp562\Release\whrlpool.obj
C:\Users\Kang\Documents\Visual Studio 2012\Projects\BaramHack\cryptopp562\Release\winpipes.obj
C:\Users\Kang\Documents\Visual Studio 2012\Projects\BaramHack\cryptopp562\Release\xtr.obj
C:\Users\Kang\Documents\Visual Studio 2012\Projects\BaramHack\cryptopp562\Release\xtrcrypt.obj
C:\Users\Kang\Documents\Visual Studio 2012\Projects\BaramHack\cryptopp562\Release\zdeflate.obj
C:\Users\Kang\Documents\Visual Studio 2012\Projects\BaramHack\cryptopp562\Release\zinflate.obj
C:\Users\Kang\Documents\Visual Studio 2012\Projects\BaramHack\cryptopp562\Release\zlib.obj
C:\Users\Kang\Documents\Visual Studio 2012\Projects\BaramHack\cryptopp562\Release\cl.command.1.tlog
C:\Users\Kang\Documents\Visual Studio 2012\Projects\BaramHack\cryptopp562\Release\CL.read.1.tlog
C:\Users\Kang\Documents\Visual Studio 2012\Projects\BaramHack\cryptopp562\Release\CL.write.1.tlog
C:\Users\Kang\Documents\Visual Studio 2012\Projects\BaramHack\cryptopp562\Release\custombuild.command.1.tlog
C:\Users\Kang\Documents\Visual Studio 2012\Projects\BaramHack\cryptopp562\Release\custombuild.read.1.tlog
C:\Users\Kang\Documents\Visual Studio 2012\Projects\BaramHack\cryptopp562\Release\custombuild.write.1.tlog
C:\Users\Kang\Documents\Visual Studio 2012\Projects\BaramHack\cryptopp562\Release\Lib-link.read.1.tlog
C:\Users\Kang\Documents\Visual Studio 2012\Projects\BaramHack\cryptopp562\Release\Lib-link.write.1.tlog
C:\Users\Kang\Documents\Visual Studio 2012\Projects\BaramHack\cryptopp562\Release\lib.command.1.tlog
C:\Users\Kang\Documents\Visual Studio 2012\Projects\BaramHack\cryptopp562\Release\cryptlib.pch
C:\Users\Kang\Documents\Visual Studio 2012\Projects\BaramHack\cryptopp562\Release\vc110.pdb
C:\Users\Kang\Documents\Visual Studio 2012\Projects\BaramHack\cryptopp562\.\Release\cryptlib.lib
